02:18:45 19.10.2015  SQL Error - SELECT src
			FROM xt_image
			WHERE id_product = 
			ORDER BY ord
12:30:01 21.10.2015  SQL Error - SELECT DISTINCT p.id_product, p.art, p.name, p.translit, p.descr, p.country, p.img_1, p.img_2, p.img_3, p.sertificate, p.price_opt, p.price_mopt, p.inbox_qty, p.min_mopt_qty, p.max_supplier_qty, p.weight, p.volume, p.qty_control, p.price_coefficient_opt, p.price_coefficient_mopt, p.visible, p.ord, p.note_control, un.unit_xt AS units, a.sup_comment, p.prod_status, p.old_price_mopt, p.old_price_opt, p.duplicate, p.mopt_correction_set, p.opt_correction_set, p.filial, cp.id_category, p.popularity, p.page_title, p.page_description, p.page_keywords,
			a.inusd,i.src AS image
			(SELECT MIN(assort.price_mopt_otpusk)
				FROM xt_assortiment AS assort
				LEFT JOIN xt_calendar_supplier AS cs
					ON (cs.id_supplier = assort.id_supplier AND cs.date = (CURDATE() + INTERVAL 2 DAY))
				WHERE cs.work_day = 1
				AND assort.active = 1
				AND assort.id_product = p.id_product
				AND price_mopt_otpusk > 0
				GROUP BY assort.id_product) AS min_mopt_price,
			(SELECT MIN(assort.price_opt_otpusk)
				FROM xt_assortiment AS assort
				LEFT JOIN xt_calendar_supplier AS cs
					ON (cs.id_supplier = assort.id_supplier AND cs.date = (CURDATE() + INTERVAL 2 DAY))
				WHERE cs.work_day = 1
				AND assort.active = 1
				AND assort.id_product = p.id_product
				AND price_opt_otpusk > 0
				GROUP BY assort.id_product) AS min_opt_price
			FROM xt_product AS p
			LEFT JOIN xt_image AS i
				ON i.id_product = p.id_product
				AND i.ord = 0
			LEFT JOIN xt_cat_prod AS cp
				ON cp.id_product = p.id_product
			LEFT JOIN xt_units AS un
				ON un.id = p.id_unit
			LEFT JOIN xt_assortiment AS a
				ON a.id_product = p.id_product
			WHERE a.id_supplier="5" AND p.visible="1"
			 GROUP BY p.id_product
			ORDER BY a.inusd, p.name asc
			 LIMIT 0,30
05:37:47 03.11.2015  SQL Error - SELECT src
			FROM xt_image
			WHERE id_product = 43038
			ORDER BY ord
06:12:37 03.11.2015  SQL Error - SELECT src
			FROM xt_image
			WHERE id_product = 43038
			ORDER BY ord
06:12:38 03.11.2015  SQL Error - SELECT src
			FROM xt_image
			WHERE id_product = 43038
			ORDER BY ord
06:31:12 03.11.2015  SQL Error - SELECT p.id_product, pp.id_category,
				p.name as name,
				p.translit, p.img_1, p.price_mopt
				FROM xt_popular_products AS pp
				LEFT JOIN xt_product AS p
				ON p.id_product = pp.id_product
				WHERE p.price_mopt > 0
				LIMIT 
06:32:50 03.11.2015  SQL Error - SELECT p.id_product, pp.id_category,
				p.name as name,
				p.translit, p.img_1, p.price_mopt
				FROM xt_popular_products AS pp
				LEFT JOIN xt_product AS p
				ON p.id_product = pp.id_product
				WHERE p.price_mopt > 0
				LIMIT 
06:32:52 03.11.2015  SQL Error - SELECT p.id_product, pp.id_category,
				p.name as name,
				p.translit, p.img_1, p.price_mopt
				FROM xt_popular_products AS pp
				LEFT JOIN xt_product AS p
				ON p.id_product = pp.id_product
				WHERE p.price_mopt > 0
				LIMIT 
05:49:20 08.12.2015  SQL Error - SELECT * FROM xt_profiles
05:49:33 08.12.2015  SQL Error - SELECT * FROM xt_profiles
05:53:26 08.12.2015  SQL Error - SELECT * FROM xt_profiles
