10:37:43 21.01.2019  SQL Error - SELECT a.id_product,
				a.price_opt_recommend,
				a.price_mopt_recommend
			FROM xt_assortiment AS a
			WHERE a.active = 1 HAVING a.id_product IN ()
10:38:56 21.01.2019  SQL Error - SELECT a.id_product,
				a.price_opt_recommend,
				a.price_mopt_recommend
			FROM xt_assortiment AS a
			WHERE a.active = 1 HAVING a.id_product IN ()
10:38:58 21.01.2019  SQL Error - SELECT a.id_product,
				a.price_opt_recommend,
				a.price_mopt_recommend
			FROM xt_assortiment AS a
			WHERE a.active = 1 HAVING a.id_product IN ()
10:39:18 21.01.2019  SQL Error - SELECT a.id_product,
				a.price_opt_recommend,
				a.price_mopt_recommend
			FROM xt_assortiment AS a
			WHERE a.active = 1 HAVING a.id_product IN ()
01:08:03 21.01.2019  SQL Error - SELECT a.id_product
			FROM xt_assortiment AS a
			WHERE a.sup_comment = '51404194' and a.id_supplier = 30939
05:56:53 21.01.2019  <b>SQL Error - </b>
08:38:23 21.01.2019  <b>SQL Error - </b>
08:49:17 21.01.2019  <b>SQL Error - </b>
01:07:43 23.01.2019  <b>SQL Error - </b>
01:11:33 23.01.2019  <b>SQL Error - </b>
01:13:17 23.01.2019  <b>SQL Error - </b>
01:15:35 23.01.2019  <b>SQL Error - </b>
01:26:24 23.01.2019  <b>SQL Error - </b>
01:36:02 23.01.2019  <b>SQL Error - </b>
01:38:37 23.01.2019  <b>SQL Error - </b>
02:21:26 23.01.2019  <b>SQL Error - </b>
02:28:52 23.01.2019  <b>SQL Error - </b>
02:33:48 23.01.2019  <b>SQL Error - </b>
11:05:40 23.01.2019  <b>SQL Error - </b>
11:08:00 23.01.2019  <b>SQL Error - </b>
11:03:44 27.01.2019  SQL Error - (SELECT 0 AS sort, a.active, pv.count_views,
				p.id_product, p.art, p.name, p.translit, p.descr, p.descr_xt_short, p.descr_xt_full, p.country, p.img_1, p.img_2, p.img_3, p.sertificate, p.price_opt, p.duplicate, p.price_mopt, p.inbox_qty, p.min_mopt_qty, p.max_supplier_qty, p.weight, p.height, p.width, p.length, p.volume, p.coefficient_volume, p.qty_control, p.price_coefficient_opt, p.price_coefficient_mopt, p.visible, p.ord, p.note_control, un.unit_xt AS units, p.prod_status, p.old_price_mopt, p.old_price_opt, p.mopt_correction_set, p.opt_correction_set, p.filial, p.popularity, p.duplicate_user, p.duplicate_comment, p.duplicate_date, p.edit_user, p.edit_date, p.create_user, p.create_date, p.id_unit, p.page_title, p.page_description, p.page_keywords, p.notation_price, p.instruction, p.indexation, p.access_assort, p.limit_per_order
				FROM xt_product AS p
				LEFT JOIN xt_assortiment AS a
					ON p.id_product = a.id_product
				LEFT JOIN xt_cat_prod AS cp
					ON cp.id_product = p.id_product
				LEFT JOIN xt_units AS un
					ON un.id = p.id_unit
				LEFT JOIN xt_prod_views AS pv
					ON pv.id_product = p.id_product
				 WHERE cp.id_category = '1593'
				AND (p.price_opt > 0 OR p.price_mopt > 0)
				AND a.active = 1
				AND p.visible = 1
				)
				UNION
				(SELECT 1 AS sort, a.active, pv.count_views,
				p.id_product, p.art, p.name, p.translit, p.descr, p.descr_xt_short, p.descr_xt_full, p.country, p.img_1, p.img_2, p.img_3, p.sertificate, p.price_opt, p.duplicate, p.price_mopt, p.inbox_qty, p.min_mopt_qty, p.max_supplier_qty, p.weight, p.height, p.width, p.length, p.volume, p.coefficient_volume, p.qty_control, p.price_coefficient_opt, p.price_coefficient_mopt, p.visible, p.ord, p.note_control, un.unit_xt AS units, p.prod_status, p.old_price_mopt, p.old_price_opt, p.mopt_correction_set, p.opt_correction_set, p.filial, p.popularity, p.duplicate_user, p.duplicate_comment, p.duplicate_date, p.edit_user, p.edit_date, p.create_user, p.create_date, p.id_unit, p.page_title, p.page_description, p.page_keywords, p.notation_price, p.instruction, p.indexation, p.access_assort, p.limit_per_order
				FROM xt_product AS p
				LEFT JOIN xt_assortiment AS a
					ON p.id_product = a.id_product
				LEFT JOIN xt_cat_prod AS cp
					ON cp.id_product = p.id_product
				LEFT JOIN xt_units AS un
					ON un.id = p.id_unit
				LEFT JOIN xt_prod_views AS pv
					ON pv.id_product = p.id_product
				 WHERE cp.id_category = '1593'
				AND ((p.price_opt <= 0 OR p.price_mopt <= 0)
				OR p.visible = 0)
				)
				ORDER BY  sort ASC, ord ASC, name ASC
				
11:04:54 27.01.2019  SQL Error - (SELECT 0 AS sort, a.active, pv.count_views,
				p.id_product, p.art, p.name, p.translit, p.descr, p.descr_xt_short, p.descr_xt_full, p.country, p.img_1, p.img_2, p.img_3, p.sertificate, p.price_opt, p.duplicate, p.price_mopt, p.inbox_qty, p.min_mopt_qty, p.max_supplier_qty, p.weight, p.height, p.width, p.length, p.volume, p.coefficient_volume, p.qty_control, p.price_coefficient_opt, p.price_coefficient_mopt, p.visible, p.ord, p.note_control, un.unit_xt AS units, p.prod_status, p.old_price_mopt, p.old_price_opt, p.mopt_correction_set, p.opt_correction_set, p.filial, p.popularity, p.duplicate_user, p.duplicate_comment, p.duplicate_date, p.edit_user, p.edit_date, p.create_user, p.create_date, p.id_unit, p.page_title, p.page_description, p.page_keywords, p.notation_price, p.instruction, p.indexation, p.access_assort, p.limit_per_order
				FROM xt_product AS p
				LEFT JOIN xt_assortiment AS a
					ON p.id_product = a.id_product
				LEFT JOIN xt_cat_prod AS cp
					ON cp.id_product = p.id_product
				LEFT JOIN xt_units AS un
					ON un.id = p.id_unit
				LEFT JOIN xt_prod_views AS pv
					ON pv.id_product = p.id_product
				 WHERE cp.id_category = '1593'
				AND (p.price_opt > 0 OR p.price_mopt > 0)
				AND a.active = 1
				AND p.visible = 1
				)
				UNION
				(SELECT 1 AS sort, a.active, pv.count_views,
				p.id_product, p.art, p.name, p.translit, p.descr, p.descr_xt_short, p.descr_xt_full, p.country, p.img_1, p.img_2, p.img_3, p.sertificate, p.price_opt, p.duplicate, p.price_mopt, p.inbox_qty, p.min_mopt_qty, p.max_supplier_qty, p.weight, p.height, p.width, p.length, p.volume, p.coefficient_volume, p.qty_control, p.price_coefficient_opt, p.price_coefficient_mopt, p.visible, p.ord, p.note_control, un.unit_xt AS units, p.prod_status, p.old_price_mopt, p.old_price_opt, p.mopt_correction_set, p.opt_correction_set, p.filial, p.popularity, p.duplicate_user, p.duplicate_comment, p.duplicate_date, p.edit_user, p.edit_date, p.create_user, p.create_date, p.id_unit, p.page_title, p.page_description, p.page_keywords, p.notation_price, p.instruction, p.indexation, p.access_assort, p.limit_per_order
				FROM xt_product AS p
				LEFT JOIN xt_assortiment AS a
					ON p.id_product = a.id_product
				LEFT JOIN xt_cat_prod AS cp
					ON cp.id_product = p.id_product
				LEFT JOIN xt_units AS un
					ON un.id = p.id_unit
				LEFT JOIN xt_prod_views AS pv
					ON pv.id_product = p.id_product
				 WHERE cp.id_category = '1593'
				AND ((p.price_opt <= 0 OR p.price_mopt <= 0)
				OR p.visible = 0)
				)
				ORDER BY  sort ASC, ord ASC, name ASC
				
01:21:59 27.01.2019  SQL Error - SELECT CONCAT('<url><loc>https://xt.ua/posts/', REPLACE(REPLACE(REPLACE(REPLACE(REPLACE(translit, '&', '&amp;'), '\'', '&apos;'), '"', '&quot;'), '<', '&gt;'), '>', '&lt;'), '/</loc></url>') AS url FROM xt_post WHERE indexation = 1 AND visible = 1 AND sid = 1
06:12:49 27.01.2019  SQL Error - SELECT src, visible
			FROM xt_image
			WHERE id_product =  AND visible = 1
			ORDER BY ord
06:13:04 27.01.2019  SQL Error - SELECT src, visible
			FROM xt_image
			WHERE id_product =  AND visible = 1
			ORDER BY ord
06:13:16 27.01.2019  SQL Error - SELECT src, visible
			FROM xt_image
			WHERE id_product =  AND visible = 1
			ORDER BY ord
10:17:41 28.01.2019  SQL Error - SELECT CONCAT('<url><loc>https://xt.ua/posts/', REPLACE(REPLACE(REPLACE(REPLACE(REPLACE(translit, '&', '&amp;'), '\'', '&apos;'), '"', '&quot;'), '<', '&gt;'), '>', '&lt;'), '/</loc></url>') AS url FROM xt_post WHERE indexation = 1 AND visible = 1 AND sid = 1
09:33:23 30.01.2019  SQL Error - SELECT cp.id_category, sp.id_spec AS id_caption, sp.value, count(*) AS count
			FROM xt_specs_prods AS sp
			LEFT JOIN xt_cat_prod AS cp ON sp.id_prod = cp.id_product AND sp.id_prod IS NOT NULL
			WHERE sp.value <> '' AND cp.id_category IS NOT NULL
			GROUP BY cp.id_category, sp.id_spec, sp.value ORDER BY cp.id_category, sp.id_spec LIMITArray
09:34:36 30.01.2019  SQL Error - SELECT cp.id_category, sp.id_spec AS id_caption, sp.value, count(*) AS count
			FROM xt_specs_prods AS sp
			LEFT JOIN xt_cat_prod AS cp ON sp.id_prod = cp.id_product AND sp.id_prod IS NOT NULL
			WHERE sp.value <> '' AND cp.id_category IS NOT NULL
			GROUP BY cp.id_category, sp.id_spec, sp.value ORDER BY cp.id_category, sp.id_spec LIMITArray
09:34:54 30.01.2019  SQL Error - SELECT cp.id_category, sp.id_spec AS id_caption, sp.value, count(*) AS count
			FROM xt_specs_prods AS sp
			LEFT JOIN xt_cat_prod AS cp ON sp.id_prod = cp.id_product AND sp.id_prod IS NOT NULL
			WHERE sp.value <> '' AND cp.id_category IS NOT NULL
			GROUP BY cp.id_category, sp.id_spec, sp.value ORDER BY cp.id_category, sp.id_spec LIMITArray
04:10:45 30.01.2019  SQL Error - SELECT id_product, `name`, art, translit, descr_xt_full, img_1
				FROM xt_product	WHERE id_product IN ()
04:10:50 30.01.2019  SQL Error - SELECT id_product, `name`, art, translit, descr_xt_full, img_1
				FROM xt_product	WHERE id_product IN ()
04:10:51 30.01.2019  SQL Error - SELECT id_product, `name`, art, translit, descr_xt_full, img_1
				FROM xt_product	WHERE id_product IN ()
04:10:52 30.01.2019  SQL Error - SELECT id_product, `name`, art, translit, descr_xt_full, img_1
				FROM xt_product	WHERE id_product IN ()
04:10:53 30.01.2019  SQL Error - SELECT id_product, `name`, art, translit, descr_xt_full, img_1
				FROM xt_product	WHERE id_product IN ()
04:11:23 30.01.2019  SQL Error - SELECT id_product, `name`, art, translit, descr_xt_full, img_1
				FROM xt_product	WHERE id_product IN ()
04:11:24 30.01.2019  SQL Error - SELECT id_product, `name`, art, translit, descr_xt_full, img_1
				FROM xt_product	WHERE id_product IN ()
04:11:25 30.01.2019  SQL Error - SELECT id_product, `name`, art, translit, descr_xt_full, img_1
				FROM xt_product	WHERE id_product IN ()
04:11:35 30.01.2019  SQL Error - SELECT id_product, `name`, art, translit, descr_xt_full, img_1
				FROM xt_product	WHERE id_product IN ()
04:19:15 30.01.2019  SQL Error - SELECT id_product, `name`, art, translit, descr_xt_full, img_1
				FROM xt_product	WHERE id_product IN ()
04:19:26 30.01.2019  SQL Error - SELECT id_product, `name`, art, translit, descr_xt_full, img_1
				FROM xt_product	WHERE id_product IN ()
04:19:27 30.01.2019  SQL Error - SELECT id_product, `name`, art, translit, descr_xt_full, img_1
				FROM xt_product	WHERE id_product IN ()
04:19:27 30.01.2019  SQL Error - SELECT id_product, `name`, art, translit, descr_xt_full, img_1
				FROM xt_product	WHERE id_product IN ()
04:19:28 30.01.2019  SQL Error - SELECT id_product, `name`, art, translit, descr_xt_full, img_1
				FROM xt_product	WHERE id_product IN ()
10:11:54 31.01.2019  SQL error - UPDATE xt_wishes SET visible = 0 WHERE id_wishes = 
02:06:24 01.02.2019  SQL Error - SELECT CONCAT('<url><loc>https://xt.ua/posts/', REPLACE(REPLACE(REPLACE(REPLACE(REPLACE(translit, '&', '&amp;'), '\'', '&apos;'), '"', '&quot;'), '<', '&gt;'), '>', '&lt;'), '/</loc></url>') AS url FROM xt_post WHERE indexation = 1 AND visible = 1 AND sid = 1
02:06:51 01.02.2019  SQL Error - SELECT CONCAT('<url><loc>https://xt.ua/posts/', REPLACE(REPLACE(REPLACE(REPLACE(REPLACE(translit, '&', '&amp;'), '\'', '&apos;'), '"', '&quot;'), '<', '&gt;'), '>', '&lt;'), '/</loc></url>') AS url FROM xt_post WHERE indexation = 1 AND visible = 1 AND sid = 1
02:07:18 01.02.2019  SQL Error - SELECT CONCAT('<url><loc>https://xt.ua/posts/', REPLACE(REPLACE(REPLACE(REPLACE(REPLACE(translit, '&', '&amp;'), '\'', '&apos;'), '"', '&quot;'), '<', '&gt;'), '>', '&lt;'), '/</loc></url>') AS url FROM xt_post WHERE indexation = 1 AND visible = 1 AND sid = 1
02:07:52 01.02.2019  SQL Error - SELECT CONCAT('<url><loc>https://xt.ua/posts/', REPLACE(REPLACE(REPLACE(REPLACE(REPLACE(translit, '&', '&amp;'), '\'', '&apos;'), '"', '&quot;'), '<', '&gt;'), '>', '&lt;'), '/</loc></url>') AS url FROM xt_post WHERE indexation = 1 AND visible = 1 AND sid = 1
07:46:08 05.02.2019  <b>SQL Error - </b>
07:48:24 05.02.2019  <b>SQL Error - </b>
07:49:11 05.02.2019  <b>SQL Error - </b>
04:34:22 06.02.2019  SQL Error - SELECT a.id_product,
				a.price_opt_recommend,
				a.price_mopt_recommend
			FROM xt_assortiment AS a
			WHERE a.active = 1 HAVING a.id_product IN ()
08:10:08 12.02.2019  SQL Error - SELECT *
			FROM xt_user AS u
			RIGHT JOIN xt_supplier s ON u.id_user = s.id_user
			 WHERE gid = '3' ORDER BY u.gid, u.name, u.id_user DESC
08:11:24 12.02.2019  SQL Error - SELECT *
			FROM xt_user AS u
			RIGHT JOIN xt_supplier s ON u.id_user = s.id_user
			 WHERE gid = '3' ORDER BY u.gid, u.name, u.id_user DESC
08:20:47 12.02.2019  SQL Error - SELECT *
			FROM xt_user AS u
			RIGHT JOIN xt_supplier s ON u.id_user = s.id_user
			 WHERE gid = '3' ORDER BY u.gid, u.name, u.id_user DESC
12:28:03 13.02.2019  SQL Error - SELECT a.id_product,
				a.price_opt_recommend,
				a.price_mopt_recommend
			FROM xt_assortiment AS a
			WHERE a.active = 1 HAVING a.id_product IN ()
04:46:51 14.02.2019  SQL Error - SELECT a.id_product,
				a.price_opt_recommend,
				a.price_mopt_recommend
			FROM xt_assortiment AS a
			WHERE a.active = 1 HAVING a.id_product IN ()
04:47:09 14.02.2019  SQL Error - SELECT a.id_product,
				a.price_opt_recommend,
				a.price_mopt_recommend
			FROM xt_assortiment AS a
			WHERE a.active = 1 HAVING a.id_product IN ()
04:47:54 14.02.2019  SQL Error - SELECT a.id_product,
				a.price_opt_recommend,
				a.price_mopt_recommend
			FROM xt_assortiment AS a
			WHERE a.active = 1 HAVING a.id_product IN ()
04:49:58 14.02.2019  SQL Error - SELECT a.id_product,
				a.price_opt_recommend,
				a.price_mopt_recommend
			FROM xt_assortiment AS a
			WHERE a.active = 1 HAVING a.id_product IN ()
04:50:51 14.02.2019  SQL Error - SELECT a.id_product,
				a.price_opt_recommend,
				a.price_mopt_recommend
			FROM xt_assortiment AS a
			WHERE a.active = 1 HAVING a.id_product IN ()
04:51:58 14.02.2019  SQL Error - SELECT a.id_product,
				a.price_opt_recommend,
				a.price_mopt_recommend
			FROM xt_assortiment AS a
			WHERE a.active = 1 HAVING a.id_product IN ()
04:52:15 14.02.2019  SQL Error - SELECT a.id_product,
				a.price_opt_recommend,
				a.price_mopt_recommend
			FROM xt_assortiment AS a
			WHERE a.active = 1 HAVING a.id_product IN ()
04:52:37 14.02.2019  SQL Error - SELECT a.id_product,
				a.price_opt_recommend,
				a.price_mopt_recommend
			FROM xt_assortiment AS a
			WHERE a.active = 1 HAVING a.id_product IN ()
04:53:02 14.02.2019  SQL Error - SELECT a.id_product,
				a.price_opt_recommend,
				a.price_mopt_recommend
			FROM xt_assortiment AS a
			WHERE a.active = 1 HAVING a.id_product IN ()
04:55:39 14.02.2019  SQL Error - SELECT a.id_product,
				a.price_opt_recommend,
				a.price_mopt_recommend
			FROM xt_assortiment AS a
			WHERE a.active = 1 HAVING a.id_product IN ()
04:56:17 14.02.2019  SQL Error - SELECT a.id_product,
				a.price_opt_recommend,
				a.price_mopt_recommend
			FROM xt_assortiment AS a
			WHERE a.active = 1 HAVING a.id_product IN ()
04:57:07 14.02.2019  SQL Error - SELECT a.id_product,
				a.price_opt_recommend,
				a.price_mopt_recommend
			FROM xt_assortiment AS a
			WHERE a.active = 1 HAVING a.id_product IN ()
04:57:31 14.02.2019  SQL Error - SELECT a.id_product,
				a.price_opt_recommend,
				a.price_mopt_recommend
			FROM xt_assortiment AS a
			WHERE a.active = 1 HAVING a.id_product IN ()
04:58:05 14.02.2019  SQL Error - SELECT a.id_product,
				a.price_opt_recommend,
				a.price_mopt_recommend
			FROM xt_assortiment AS a
			WHERE a.active = 1 HAVING a.id_product IN ()
04:58:40 14.02.2019  SQL Error - SELECT a.id_product,
				a.price_opt_recommend,
				a.price_mopt_recommend
			FROM xt_assortiment AS a
			WHERE a.active = 1 HAVING a.id_product IN ()
04:59:00 14.02.2019  SQL Error - SELECT a.id_product,
				a.price_opt_recommend,
				a.price_mopt_recommend
			FROM xt_assortiment AS a
			WHERE a.active = 1 HAVING a.id_product IN ()
04:59:25 14.02.2019  SQL Error - SELECT a.id_product,
				a.price_opt_recommend,
				a.price_mopt_recommend
			FROM xt_assortiment AS a
			WHERE a.active = 1 HAVING a.id_product IN ()
04:59:57 14.02.2019  SQL Error - SELECT a.id_product,
				a.price_opt_recommend,
				a.price_mopt_recommend
			FROM xt_assortiment AS a
			WHERE a.active = 1 HAVING a.id_product IN ()
05:00:54 14.02.2019  SQL Error - SELECT a.id_product,
				a.price_opt_recommend,
				a.price_mopt_recommend
			FROM xt_assortiment AS a
			WHERE a.active = 1 HAVING a.id_product IN ()
08:54:49 16.02.2019  SQL Error - SELECT CONCAT('<url><loc>https://xt.ua/posts/', REPLACE(REPLACE(REPLACE(REPLACE(REPLACE(translit, '&', '&amp;'), '\'', '&apos;'), '"', '&quot;'), '<', '&gt;'), '>', '&lt;'), '/</loc></url>') AS url FROM xt_post WHERE indexation = 1 AND visible = 1 AND sid = 1
08:55:41 16.02.2019  SQL Error - SELECT CONCAT('<url><loc>https://xt.ua/posts/', REPLACE(REPLACE(REPLACE(REPLACE(REPLACE(translit, '&', '&amp;'), '\'', '&apos;'), '"', '&quot;'), '<', '&gt;'), '>', '&lt;'), '/</loc></url>') AS url FROM xt_post WHERE indexation = 1 AND visible = 1 AND sid = 1
02:24:02 16.02.2019  SQL Error - SELECT a.id_product,
				a.price_opt_recommend,
				a.price_mopt_recommend
			FROM xt_assortiment AS a
			WHERE a.active = 1 HAVING a.id_product IN ()
02:33:39 16.02.2019  SQL Error - SELECT a.id_product,
				a.price_opt_recommend,
				a.price_mopt_recommend
			FROM xt_assortiment AS a
			WHERE a.active = 1 HAVING a.id_product IN ()
03:01:42 16.02.2019  SQL Error - SELECT a.id_product,
				a.price_opt_recommend,
				a.price_mopt_recommend
			FROM xt_assortiment AS a
			WHERE a.active = 1 HAVING a.id_product IN ()
03:04:43 16.02.2019  SQL Error - SELECT a.id_product,
				a.price_opt_recommend,
				a.price_mopt_recommend
			FROM xt_assortiment AS a
			WHERE a.active = 1 HAVING a.id_product IN ()
03:06:19 16.02.2019  SQL Error - SELECT a.id_product,
				a.price_opt_recommend,
				a.price_mopt_recommend
			FROM xt_assortiment AS a
			WHERE a.active = 1 HAVING a.id_product IN ()
03:11:40 16.02.2019  SQL Error - SELECT a.id_product,
				a.price_opt_recommend,
				a.price_mopt_recommend
			FROM xt_assortiment AS a
			WHERE a.active = 1 HAVING a.id_product IN ()
03:13:00 16.02.2019  SQL Error - SELECT a.id_product,
				a.price_opt_recommend,
				a.price_mopt_recommend
			FROM xt_assortiment AS a
			WHERE a.active = 1 HAVING a.id_product IN ()
03:14:32 16.02.2019  SQL Error - SELECT a.id_product,
				a.price_opt_recommend,
				a.price_mopt_recommend
			FROM xt_assortiment AS a
			WHERE a.active = 1 HAVING a.id_product IN ()
03:16:42 16.02.2019  SQL Error - SELECT a.id_product,
				a.price_opt_recommend,
				a.price_mopt_recommend
			FROM xt_assortiment AS a
			WHERE a.active = 1 HAVING a.id_product IN ()
03:17:03 16.02.2019  SQL Error - SELECT a.id_product,
				a.price_opt_recommend,
				a.price_mopt_recommend
			FROM xt_assortiment AS a
			WHERE a.active = 1 HAVING a.id_product IN ()
03:20:36 16.02.2019  SQL Error - SELECT a.id_product,
				a.price_opt_recommend,
				a.price_mopt_recommend
			FROM xt_assortiment AS a
			WHERE a.active = 1 HAVING a.id_product IN ()
03:20:46 16.02.2019  SQL Error - SELECT a.id_product,
				a.price_opt_recommend,
				a.price_mopt_recommend
			FROM xt_assortiment AS a
			WHERE a.active = 1 HAVING a.id_product IN ()
03:20:53 16.02.2019  SQL Error - SELECT a.id_product,
				a.price_opt_recommend,
				a.price_mopt_recommend
			FROM xt_assortiment AS a
			WHERE a.active = 1 HAVING a.id_product IN ()
03:21:15 16.02.2019  SQL Error - SELECT a.id_product,
				a.price_opt_recommend,
				a.price_mopt_recommend
			FROM xt_assortiment AS a
			WHERE a.active = 1 HAVING a.id_product IN ()
03:22:24 16.02.2019  SQL Error - SELECT a.id_product,
				a.price_opt_recommend,
				a.price_mopt_recommend
			FROM xt_assortiment AS a
			WHERE a.active = 1 HAVING a.id_product IN ()
03:22:58 16.02.2019  SQL Error - SELECT a.id_product,
				a.price_opt_recommend,
				a.price_mopt_recommend
			FROM xt_assortiment AS a
			WHERE a.active = 1 HAVING a.id_product IN ()
03:23:48 16.02.2019  SQL Error - SELECT a.id_product,
				a.price_opt_recommend,
				a.price_mopt_recommend
			FROM xt_assortiment AS a
			WHERE a.active = 1 HAVING a.id_product IN ()
03:24:03 16.02.2019  SQL Error - SELECT a.id_product,
				a.price_opt_recommend,
				a.price_mopt_recommend
			FROM xt_assortiment AS a
			WHERE a.active = 1 HAVING a.id_product IN ()
03:24:09 16.02.2019  SQL Error - SELECT a.id_product,
				a.price_opt_recommend,
				a.price_mopt_recommend
			FROM xt_assortiment AS a
			WHERE a.active = 1 HAVING a.id_product IN ()
03:24:15 16.02.2019  SQL Error - SELECT a.id_product,
				a.price_opt_recommend,
				a.price_mopt_recommend
			FROM xt_assortiment AS a
			WHERE a.active = 1 HAVING a.id_product IN ()
03:24:28 16.02.2019  SQL Error - SELECT a.id_product,
				a.price_opt_recommend,
				a.price_mopt_recommend
			FROM xt_assortiment AS a
			WHERE a.active = 1 HAVING a.id_product IN ()
03:24:37 16.02.2019  SQL Error - SELECT a.id_product,
				a.price_opt_recommend,
				a.price_mopt_recommend
			FROM xt_assortiment AS a
			WHERE a.active = 1 HAVING a.id_product IN ()
03:24:46 16.02.2019  SQL Error - SELECT a.id_product,
				a.price_opt_recommend,
				a.price_mopt_recommend
			FROM xt_assortiment AS a
			WHERE a.active = 1 HAVING a.id_product IN ()
03:24:56 16.02.2019  SQL Error - SELECT a.id_product,
				a.price_opt_recommend,
				a.price_mopt_recommend
			FROM xt_assortiment AS a
			WHERE a.active = 1 HAVING a.id_product IN ()
03:25:03 16.02.2019  SQL Error - SELECT a.id_product,
				a.price_opt_recommend,
				a.price_mopt_recommend
			FROM xt_assortiment AS a
			WHERE a.active = 1 HAVING a.id_product IN ()
03:25:11 16.02.2019  SQL Error - SELECT a.id_product,
				a.price_opt_recommend,
				a.price_mopt_recommend
			FROM xt_assortiment AS a
			WHERE a.active = 1 HAVING a.id_product IN ()
03:25:30 16.02.2019  SQL Error - SELECT a.id_product,
				a.price_opt_recommend,
				a.price_mopt_recommend
			FROM xt_assortiment AS a
			WHERE a.active = 1 HAVING a.id_product IN ()
03:25:37 16.02.2019  SQL Error - SELECT a.id_product,
				a.price_opt_recommend,
				a.price_mopt_recommend
			FROM xt_assortiment AS a
			WHERE a.active = 1 HAVING a.id_product IN ()
03:25:52 16.02.2019  SQL Error - SELECT a.id_product,
				a.price_opt_recommend,
				a.price_mopt_recommend
			FROM xt_assortiment AS a
			WHERE a.active = 1 HAVING a.id_product IN ()
03:26:00 16.02.2019  SQL Error - SELECT a.id_product,
				a.price_opt_recommend,
				a.price_mopt_recommend
			FROM xt_assortiment AS a
			WHERE a.active = 1 HAVING a.id_product IN ()
03:26:09 16.02.2019  SQL Error - SELECT a.id_product,
				a.price_opt_recommend,
				a.price_mopt_recommend
			FROM xt_assortiment AS a
			WHERE a.active = 1 HAVING a.id_product IN ()
03:29:14 16.02.2019  SQL Error - SELECT a.id_product,
				a.price_opt_recommend,
				a.price_mopt_recommend
			FROM xt_assortiment AS a
			WHERE a.active = 1 HAVING a.id_product IN ()
03:31:26 16.02.2019  SQL Error - SELECT a.id_product,
				a.price_opt_recommend,
				a.price_mopt_recommend
			FROM xt_assortiment AS a
			WHERE a.active = 1 HAVING a.id_product IN ()
03:47:46 16.02.2019  SQL Error - SELECT a.id_product,
				a.price_opt_recommend,
				a.price_mopt_recommend
			FROM xt_assortiment AS a
			WHERE a.active = 1 HAVING a.id_product IN ()
03:49:14 16.02.2019  SQL Error - SELECT a.id_product,
				a.price_opt_recommend,
				a.price_mopt_recommend
			FROM xt_assortiment AS a
			WHERE a.active = 1 HAVING a.id_product IN ()
03:50:12 16.02.2019  SQL Error - SELECT a.id_product,
				a.price_opt_recommend,
				a.price_mopt_recommend
			FROM xt_assortiment AS a
			WHERE a.active = 1 HAVING a.id_product IN ()
03:50:18 16.02.2019  SQL Error - SELECT a.id_product,
				a.price_opt_recommend,
				a.price_mopt_recommend
			FROM xt_assortiment AS a
			WHERE a.active = 1 HAVING a.id_product IN ()
03:50:27 16.02.2019  SQL Error - SELECT a.id_product,
				a.price_opt_recommend,
				a.price_mopt_recommend
			FROM xt_assortiment AS a
			WHERE a.active = 1 HAVING a.id_product IN ()
03:50:33 16.02.2019  SQL Error - SELECT a.id_product,
				a.price_opt_recommend,
				a.price_mopt_recommend
			FROM xt_assortiment AS a
			WHERE a.active = 1 HAVING a.id_product IN ()
08:55:21 24.03.2019  SQL Error - SELECT p.id_product, p.art, p.`name`, p.translit, p.price_opt, p.price_mopt,
			p.min_mopt_qty, p.descr, p.img_1, p.opt_correction_set, p.mopt_correction_set, p.units
			, COUNT(*) AS count
			FROM xt_product p
			 LEFT JOIN xt_osp o ON o.id_product = p.id_product
			LEFT JOIN xt_cat_prod cp ON p.id_product = cp.id_product
			WHERE p.visible = 1
			AND (CASE WHEN (SELECT COUNT(*) FROM xt_assortiment AS a LEFT JOIN xt_user AS u ON u.id_user = a.id_supplier WHERE a.id_product = p.id_product AND a.active = 1 AND u.active = 1) > 0 THEN 1 ELSE 0 END) = 1
			AND p.id_product <> 
			AND cp.id_category = 1617 GROUP BY o.id_product
			ORDER BY count DESC LIMIT 10
08:55:29 24.03.2019  SQL Error - SELECT p.id_product, p.art, p.`name`, p.translit, p.price_opt, p.price_mopt,
			p.min_mopt_qty, p.descr, p.img_1, p.opt_correction_set, p.mopt_correction_set, p.units
			, COUNT(*) AS count
			FROM xt_product p
			 LEFT JOIN xt_osp o ON o.id_product = p.id_product
			LEFT JOIN xt_cat_prod cp ON p.id_product = cp.id_product
			WHERE p.visible = 1
			AND (CASE WHEN (SELECT COUNT(*) FROM xt_assortiment AS a LEFT JOIN xt_user AS u ON u.id_user = a.id_supplier WHERE a.id_product = p.id_product AND a.active = 1 AND u.active = 1) > 0 THEN 1 ELSE 0 END) = 1
			AND p.id_product <> 
			AND cp.id_category = 1617 GROUP BY o.id_product
			ORDER BY count DESC LIMIT 10
